{"C:\\Users\\Easen\\Desktop\\IUT\\WebService\\Tp1\\Classes\\Book.js": {"path":"C:\\Users\\Easen\\Desktop\\IUT\\WebService\\Tp1\\Classes\\Book.js","statementMap":{"0":{"start":{"line":3,"column":8},"end":{"line":3,"column":23}},"1":{"start":{"line":4,"column":8},"end":{"line":4,"column":27}},"2":{"start":{"line":5,"column":8},"end":{"line":5,"column":25}},"3":{"start":{"line":6,"column":8},"end":{"line":6,"column":29}},"4":{"start":{"line":7,"column":8},"end":{"line":7,"column":27}},"5":{"start":{"line":11,"column":8},"end":{"line":11,"column":84}},"6":{"start":{"line":15,"column":8},"end":{"line":15,"column":21}}},"fnMap":{"0":{"name":"(anonymous_0)","decl":{"start":{"line":2,"column":4},"end":{"line":2,"column":5}},"loc":{"start":{"line":2,"column":42},"end":{"line":8,"column":5}},"line":2},"1":{"name":"(anonymous_1)","decl":{"start":{"line":10,"column":4},"end":{"line":10,"column":5}},"loc":{"start":{"line":10,"column":11},"end":{"line":12,"column":5}},"line":10},"2":{"name":"(anonymous_2)","decl":{"start":{"line":14,"column":4},"end":{"line":14,"column":5}},"loc":{"start":{"line":14,"column":13},"end":{"line":16,"column":5}},"line":14}},"branchMap":{},"s":{"0":4,"1":4,"2":4,"3":4,"4":4,"5":0,"6":3},"f":{"0":4,"1":0,"2":3},"b":{},"_coverageSchema":"1a1c01bbd47fc00a2c39e90264f33305004495a9","hash":"46bce3c8a9bd9f160c133304c3b24083eeefcc39"}
,"C:\\Users\\Easen\\Desktop\\IUT\\WebService\\Tp1\\DAO Layer\\BooksDAO.js": {"path":"C:\\Users\\Easen\\Desktop\\IUT\\WebService\\Tp1\\DAO Layer\\BooksDAO.js","statementMap":{},"fnMap":{"0":{"name":"(anonymous_0)","decl":{"start":{"line":4,"column":4},"end":{"line":4,"column":5}},"loc":{"start":{"line":4,"column":12},"end":{"line":4,"column":15}},"line":4},"1":{"name":"(anonymous_1)","decl":{"start":{"line":5,"column":4},"end":{"line":5,"column":5}},"loc":{"start":{"line":5,"column":12},"end":{"line":5,"column":15}},"line":5},"2":{"name":"(anonymous_2)","decl":{"start":{"line":6,"column":4},"end":{"line":6,"column":5}},"loc":{"start":{"line":6,"column":12},"end":{"line":6,"column":15}},"line":6},"3":{"name":"(anonymous_3)","decl":{"start":{"line":7,"column":4},"end":{"line":7,"column":5}},"loc":{"start":{"line":7,"column":10},"end":{"line":7,"column":13}},"line":7},"4":{"name":"(anonymous_4)","decl":{"start":{"line":8,"column":4},"end":{"line":8,"column":5}},"loc":{"start":{"line":8,"column":13},"end":{"line":8,"column":16}},"line":8},"5":{"name":"(anonymous_5)","decl":{"start":{"line":9,"column":4},"end":{"line":9,"column":5}},"loc":{"start":{"line":9,"column":15},"end":{"line":9,"column":18}},"line":9}},"branchMap":{},"s":{},"f":{"0":0,"1":0,"2":0,"3":0,"4":0,"5":0},"b":{},"_coverageSchema":"1a1c01bbd47fc00a2c39e90264f33305004495a9","hash":"2cce24364a635cdf0f438598b00712e36cf61bf6"}
,"C:\\Users\\Easen\\Desktop\\IUT\\WebService\\Tp1\\DBLayer\\BookSQLiteDAO.js": {"path":"C:\\Users\\Easen\\Desktop\\IUT\\WebService\\Tp1\\DBLayer\\BookSQLiteDAO.js","statementMap":{"0":{"start":{"line":8,"column":4},"end":{"line":8,"column":12}},"1":{"start":{"line":10,"column":4},"end":{"line":10,"column":17}},"2":{"start":{"line":14,"column":22},"end":{"line":14,"column":148}},"3":{"start":{"line":15,"column":22},"end":{"line":15,"column":41}},"4":{"start":{"line":16,"column":8},"end":{"line":16,"column":23}},"5":{"start":{"line":22,"column":19},"end":{"line":22,"column":38}},"6":{"start":{"line":23,"column":8},"end":{"line":25,"column":9}},"7":{"start":{"line":24,"column":12},"end":{"line":24,"column":31}},"8":{"start":{"line":27,"column":9},"end":{"line":27,"column":66}},"9":{"start":{"line":28,"column":8},"end":{"line":28,"column":20}},"10":{"start":{"line":35,"column":24},"end":{"line":35,"column":169}},"11":{"start":{"line":38,"column":8},"end":{"line":38,"column":35}},"12":{"start":{"line":39,"column":8},"end":{"line":39,"column":20}},"13":{"start":{"line":45,"column":21},"end":{"line":45,"column":78}},"14":{"start":{"line":46,"column":8},"end":{"line":48,"column":9}},"15":{"start":{"line":47,"column":12},"end":{"line":47,"column":29}},"16":{"start":{"line":49,"column":25},"end":{"line":49,"column":83}},"17":{"start":{"line":50,"column":8},"end":{"line":50,"column":34}},"18":{"start":{"line":51,"column":8},"end":{"line":51,"column":26}},"19":{"start":{"line":55,"column":8},"end":{"line":55,"column":56}},"20":{"start":{"line":59,"column":8},"end":{"line":59,"column":48}},"21":{"start":{"line":63,"column":17},"end":{"line":63,"column":63}},"22":{"start":{"line":64,"column":8},"end":{"line":64,"column":18}}},"fnMap":{"0":{"name":"(anonymous_0)","decl":{"start":{"line":7,"column":2},"end":{"line":7,"column":3}},"loc":{"start":{"line":7,"column":18},"end":{"line":11,"column":3}},"line":7},"1":{"name":"(anonymous_1)","decl":{"start":{"line":13,"column":4},"end":{"line":13,"column":5}},"loc":{"start":{"line":13,"column":27},"end":{"line":17,"column":5}},"line":13},"2":{"name":"(anonymous_2)","decl":{"start":{"line":19,"column":4},"end":{"line":19,"column":5}},"loc":{"start":{"line":19,"column":21},"end":{"line":29,"column":5}},"line":19},"3":{"name":"(anonymous_3)","decl":{"start":{"line":31,"column":4},"end":{"line":31,"column":5}},"loc":{"start":{"line":31,"column":23},"end":{"line":41,"column":5}},"line":31},"4":{"name":"(anonymous_4)","decl":{"start":{"line":43,"column":4},"end":{"line":43,"column":5}},"loc":{"start":{"line":43,"column":19},"end":{"line":52,"column":5}},"line":43},"5":{"name":"(anonymous_5)","decl":{"start":{"line":54,"column":4},"end":{"line":54,"column":5}},"loc":{"start":{"line":54,"column":20},"end":{"line":56,"column":5}},"line":54},"6":{"name":"(anonymous_6)","decl":{"start":{"line":58,"column":4},"end":{"line":58,"column":5}},"loc":{"start":{"line":58,"column":22},"end":{"line":60,"column":5}},"line":58},"7":{"name":"(anonymous_7)","decl":{"start":{"line":62,"column":4},"end":{"line":62,"column":5}},"loc":{"start":{"line":62,"column":21},"end":{"line":65,"column":5}},"line":62}},"branchMap":{"0":{"loc":{"start":{"line":23,"column":8},"end":{"line":25,"column":9}},"type":"if","locations":[{"start":{"line":23,"column":8},"end":{"line":25,"column":9}},{"start":{},"end":{}}],"line":23},"1":{"loc":{"start":{"line":46,"column":8},"end":{"line":48,"column":9}},"type":"if","locations":[{"start":{"line":46,"column":8},"end":{"line":48,"column":9}},{"start":{},"end":{}}],"line":46}},"s":{"0":5,"1":5,"2":1,"3":1,"4":1,"5":1,"6":1,"7":0,"8":1,"9":1,"10":1,"11":1,"12":1,"13":2,"14":2,"15":0,"16":2,"17":2,"18":2,"19":0,"20":0,"21":2,"22":2},"f":{"0":5,"1":1,"2":1,"3":1,"4":2,"5":0,"6":0,"7":2},"b":{"0":[0,1],"1":[0,2]},"_coverageSchema":"1a1c01bbd47fc00a2c39e90264f33305004495a9","hash":"0c15456cb75a994c7d0ca5bd7e4c7ec195bafd45"}
,"C:\\Users\\Easen\\Desktop\\IUT\\WebService\\Tp1\\Routes\\BooksRoute.js": {"path":"C:\\Users\\Easen\\Desktop\\IUT\\WebService\\Tp1\\Routes\\BooksRoute.js","statementMap":{"0":{"start":{"line":5,"column":12},"end":{"line":5,"column":28}},"1":{"start":{"line":30,"column":13},"end":{"line":30,"column":26}},"2":{"start":{"line":32,"column":4},"end":{"line":34,"column":5}},"3":{"start":{"line":33,"column":8},"end":{"line":33,"column":31}},"4":{"start":{"line":36,"column":4},"end":{"line":38,"column":5}},"5":{"start":{"line":37,"column":8},"end":{"line":37,"column":31}},"6":{"start":{"line":40,"column":4},"end":{"line":44,"column":6}},"7":{"start":{"line":41,"column":22},"end":{"line":41,"column":43}},"8":{"start":{"line":42,"column":21},"end":{"line":42,"column":43}},"9":{"start":{"line":43,"column":8},"end":{"line":43,"column":25}},"10":{"start":{"line":64,"column":4},"end":{"line":68,"column":6}},"11":{"start":{"line":65,"column":22},"end":{"line":65,"column":43}},"12":{"start":{"line":66,"column":21},"end":{"line":66,"column":44}},"13":{"start":{"line":67,"column":8},"end":{"line":67,"column":25}},"14":{"start":{"line":90,"column":19},"end":{"line":90,"column":27}},"15":{"start":{"line":91,"column":4},"end":{"line":91,"column":52}},"16":{"start":{"line":93,"column":4},"end":{"line":96,"column":5}},"17":{"start":{"line":94,"column":8},"end":{"line":94,"column":24}},"18":{"start":{"line":95,"column":8},"end":{"line":95,"column":33}},"19":{"start":{"line":97,"column":15},"end":{"line":97,"column":87}},"20":{"start":{"line":99,"column":15},"end":{"line":99,"column":30}},"21":{"start":{"line":100,"column":18},"end":{"line":100,"column":39}},"22":{"start":{"line":101,"column":17},"end":{"line":101,"column":43}},"23":{"start":{"line":102,"column":4},"end":{"line":102,"column":20}},"24":{"start":{"line":103,"column":4},"end":{"line":103,"column":51}},"25":{"start":{"line":132,"column":13},"end":{"line":132,"column":26}},"26":{"start":{"line":133,"column":4},"end":{"line":136,"column":5}},"27":{"start":{"line":134,"column":8},"end":{"line":134,"column":24}},"28":{"start":{"line":135,"column":8},"end":{"line":135,"column":31}},"29":{"start":{"line":138,"column":4},"end":{"line":141,"column":5}},"30":{"start":{"line":139,"column":8},"end":{"line":139,"column":24}},"31":{"start":{"line":140,"column":8},"end":{"line":140,"column":31}},"32":{"start":{"line":143,"column":14},"end":{"line":143,"column":29}},"33":{"start":{"line":144,"column":18},"end":{"line":144,"column":39}},"34":{"start":{"line":145,"column":17},"end":{"line":145,"column":41}},"35":{"start":{"line":148,"column":4},"end":{"line":154,"column":5}},"36":{"start":{"line":149,"column":8},"end":{"line":149,"column":24}},"37":{"start":{"line":150,"column":8},"end":{"line":150,"column":31}},"38":{"start":{"line":152,"column":8},"end":{"line":152,"column":24}},"39":{"start":{"line":153,"column":8},"end":{"line":153,"column":52}},"40":{"start":{"line":186,"column":13},"end":{"line":186,"column":26}},"41":{"start":{"line":187,"column":19},"end":{"line":187,"column":27}},"42":{"start":{"line":188,"column":4},"end":{"line":188,"column":52}},"43":{"start":{"line":190,"column":4},"end":{"line":193,"column":5}},"44":{"start":{"line":191,"column":8},"end":{"line":191,"column":24}},"45":{"start":{"line":192,"column":8},"end":{"line":192,"column":31}},"46":{"start":{"line":195,"column":4},"end":{"line":198,"column":5}},"47":{"start":{"line":196,"column":8},"end":{"line":196,"column":24}},"48":{"start":{"line":197,"column":8},"end":{"line":197,"column":31}},"49":{"start":{"line":200,"column":4},"end":{"line":204,"column":5}},"50":{"start":{"line":201,"column":8},"end":{"line":201,"column":24}},"51":{"start":{"line":203,"column":8},"end":{"line":203,"column":33}},"52":{"start":{"line":206,"column":15},"end":{"line":206,"column":87}},"53":{"start":{"line":207,"column":14},"end":{"line":207,"column":29}},"54":{"start":{"line":208,"column":18},"end":{"line":208,"column":39}},"55":{"start":{"line":209,"column":17},"end":{"line":209,"column":47}},"56":{"start":{"line":211,"column":4},"end":{"line":211,"column":20}},"57":{"start":{"line":212,"column":4},"end":{"line":212,"column":62}},"58":{"start":{"line":216,"column":15},"end":{"line":216,"column":30}},"59":{"start":{"line":217,"column":18},"end":{"line":217,"column":39}},"60":{"start":{"line":218,"column":17},"end":{"line":218,"column":42}},"61":{"start":{"line":219,"column":4},"end":{"line":219,"column":35}},"62":{"start":{"line":220,"column":4},"end":{"line":220,"column":39}}},"fnMap":{"0":{"name":"getBook","decl":{"start":{"line":29,"column":16},"end":{"line":29,"column":23}},"loc":{"start":{"line":29,"column":43},"end":{"line":45,"column":1}},"line":29},"1":{"name":"(anonymous_1)","decl":{"start":{"line":40,"column":19},"end":{"line":40,"column":20}},"loc":{"start":{"line":40,"column":33},"end":{"line":44,"column":5}},"line":40},"2":{"name":"getBooks","decl":{"start":{"line":63,"column":16},"end":{"line":63,"column":24}},"loc":{"start":{"line":63,"column":44},"end":{"line":69,"column":1}},"line":63},"3":{"name":"(anonymous_3)","decl":{"start":{"line":64,"column":19},"end":{"line":64,"column":20}},"loc":{"start":{"line":64,"column":33},"end":{"line":68,"column":5}},"line":64},"4":{"name":"createBook","decl":{"start":{"line":89,"column":22},"end":{"line":89,"column":32}},"loc":{"start":{"line":89,"column":52},"end":{"line":104,"column":3}},"line":89},"5":{"name":"deleteBook","decl":{"start":{"line":130,"column":22},"end":{"line":130,"column":32}},"loc":{"start":{"line":130,"column":52},"end":{"line":155,"column":1}},"line":130},"6":{"name":"updateBook","decl":{"start":{"line":185,"column":22},"end":{"line":185,"column":32}},"loc":{"start":{"line":185,"column":52},"end":{"line":213,"column":1}},"line":185},"7":{"name":"getLastId","decl":{"start":{"line":215,"column":22},"end":{"line":215,"column":31}},"loc":{"start":{"line":215,"column":42},"end":{"line":221,"column":1}},"line":215}},"branchMap":{"0":{"loc":{"start":{"line":32,"column":4},"end":{"line":34,"column":5}},"type":"if","locations":[{"start":{"line":32,"column":4},"end":{"line":34,"column":5}},{"start":{},"end":{}}],"line":32},"1":{"loc":{"start":{"line":36,"column":4},"end":{"line":38,"column":5}},"type":"if","locations":[{"start":{"line":36,"column":4},"end":{"line":38,"column":5}},{"start":{},"end":{}}],"line":36},"2":{"loc":{"start":{"line":93,"column":4},"end":{"line":96,"column":5}},"type":"if","locations":[{"start":{"line":93,"column":4},"end":{"line":96,"column":5}},{"start":{},"end":{}}],"line":93},"3":{"loc":{"start":{"line":93,"column":7},"end":{"line":93,"column":127}},"type":"binary-expr","locations":[{"start":{"line":93,"column":7},"end":{"line":93,"column":34}},{"start":{"line":93,"column":38},"end":{"line":93,"column":64}},{"start":{"line":93,"column":68},"end":{"line":93,"column":96}},{"start":{"line":93,"column":100},"end":{"line":93,"column":127}}],"line":93},"4":{"loc":{"start":{"line":133,"column":4},"end":{"line":136,"column":5}},"type":"if","locations":[{"start":{"line":133,"column":4},"end":{"line":136,"column":5}},{"start":{},"end":{}}],"line":133},"5":{"loc":{"start":{"line":138,"column":4},"end":{"line":141,"column":5}},"type":"if","locations":[{"start":{"line":138,"column":4},"end":{"line":141,"column":5}},{"start":{},"end":{}}],"line":138},"6":{"loc":{"start":{"line":148,"column":4},"end":{"line":154,"column":5}},"type":"if","locations":[{"start":{"line":148,"column":4},"end":{"line":154,"column":5}},{"start":{"line":151,"column":9},"end":{"line":154,"column":5}}],"line":148},"7":{"loc":{"start":{"line":190,"column":4},"end":{"line":193,"column":5}},"type":"if","locations":[{"start":{"line":190,"column":4},"end":{"line":193,"column":5}},{"start":{},"end":{}}],"line":190},"8":{"loc":{"start":{"line":195,"column":4},"end":{"line":198,"column":5}},"type":"if","locations":[{"start":{"line":195,"column":4},"end":{"line":198,"column":5}},{"start":{},"end":{}}],"line":195},"9":{"loc":{"start":{"line":200,"column":4},"end":{"line":204,"column":5}},"type":"if","locations":[{"start":{"line":200,"column":4},"end":{"line":204,"column":5}},{"start":{},"end":{}}],"line":200},"10":{"loc":{"start":{"line":200,"column":7},"end":{"line":200,"column":127}},"type":"binary-expr","locations":[{"start":{"line":200,"column":7},"end":{"line":200,"column":34}},{"start":{"line":200,"column":38},"end":{"line":200,"column":64}},{"start":{"line":200,"column":68},"end":{"line":200,"column":96}},{"start":{"line":200,"column":100},"end":{"line":200,"column":127}}],"line":200}},"s":{"0":1,"1":0,"2":0,"3":0,"4":0,"5":0,"6":0,"7":0,"8":0,"9":0,"10":0,"11":0,"12":0,"13":0,"14":1,"15":1,"16":1,"17":0,"18":0,"19":1,"20":1,"21":1,"22":1,"23":1,"24":1,"25":1,"26":1,"27":0,"28":0,"29":1,"30":0,"31":0,"32":1,"33":1,"34":1,"35":1,"36":0,"37":0,"38":1,"39":1,"40":1,"41":1,"42":1,"43":1,"44":0,"45":0,"46":1,"47":0,"48":0,"49":1,"50":0,"51":0,"52":1,"53":1,"54":1,"55":1,"56":1,"57":1,"58":2,"59":2,"60":2,"61":2,"62":2},"f":{"0":0,"1":0,"2":0,"3":0,"4":1,"5":1,"6":1,"7":2},"b":{"0":[0,0],"1":[0,0],"2":[0,1],"3":[1,1,1,1],"4":[0,1],"5":[0,1],"6":[0,1],"7":[0,1],"8":[0,1],"9":[0,1],"10":[1,1,1,1]},"_coverageSchema":"1a1c01bbd47fc00a2c39e90264f33305004495a9","hash":"222e7968df588ec73a09fdb1d9a2764eadc7eb2a"}
}
