{"C:\\WebServecis\\Classes\\Book.js": {"path":"C:\\WebServecis\\Classes\\Book.js","statementMap":{"0":{"start":{"line":3,"column":8},"end":{"line":3,"column":23}},"1":{"start":{"line":4,"column":8},"end":{"line":4,"column":27}},"2":{"start":{"line":5,"column":8},"end":{"line":5,"column":25}},"3":{"start":{"line":6,"column":8},"end":{"line":6,"column":29}},"4":{"start":{"line":7,"column":8},"end":{"line":7,"column":27}},"5":{"start":{"line":11,"column":8},"end":{"line":11,"column":84}},"6":{"start":{"line":15,"column":8},"end":{"line":15,"column":21}}},"fnMap":{"0":{"name":"(anonymous_0)","decl":{"start":{"line":2,"column":4},"end":{"line":2,"column":5}},"loc":{"start":{"line":2,"column":42},"end":{"line":8,"column":5}},"line":2},"1":{"name":"(anonymous_1)","decl":{"start":{"line":10,"column":4},"end":{"line":10,"column":5}},"loc":{"start":{"line":10,"column":11},"end":{"line":12,"column":5}},"line":10},"2":{"name":"(anonymous_2)","decl":{"start":{"line":14,"column":4},"end":{"line":14,"column":5}},"loc":{"start":{"line":14,"column":13},"end":{"line":16,"column":5}},"line":14}},"branchMap":{},"s":{"0":5,"1":5,"2":5,"3":5,"4":5,"5":0,"6":4},"f":{"0":5,"1":0,"2":4},"b":{},"_coverageSchema":"1a1c01bbd47fc00a2c39e90264f33305004495a9","hash":"766c193adb9c2bd2af9c959de441bd191589ffc0"}
,"C:\\WebServecis\\DAO Layer\\BooksDAO.js": {"path":"C:\\WebServecis\\DAO Layer\\BooksDAO.js","statementMap":{},"fnMap":{"0":{"name":"(anonymous_0)","decl":{"start":{"line":4,"column":4},"end":{"line":4,"column":5}},"loc":{"start":{"line":4,"column":12},"end":{"line":4,"column":15}},"line":4},"1":{"name":"(anonymous_1)","decl":{"start":{"line":5,"column":4},"end":{"line":5,"column":5}},"loc":{"start":{"line":5,"column":12},"end":{"line":5,"column":15}},"line":5},"2":{"name":"(anonymous_2)","decl":{"start":{"line":6,"column":4},"end":{"line":6,"column":5}},"loc":{"start":{"line":6,"column":12},"end":{"line":6,"column":15}},"line":6},"3":{"name":"(anonymous_3)","decl":{"start":{"line":7,"column":4},"end":{"line":7,"column":5}},"loc":{"start":{"line":7,"column":10},"end":{"line":7,"column":13}},"line":7},"4":{"name":"(anonymous_4)","decl":{"start":{"line":8,"column":4},"end":{"line":8,"column":5}},"loc":{"start":{"line":8,"column":13},"end":{"line":8,"column":16}},"line":8},"5":{"name":"(anonymous_5)","decl":{"start":{"line":9,"column":4},"end":{"line":9,"column":5}},"loc":{"start":{"line":9,"column":15},"end":{"line":9,"column":18}},"line":9}},"branchMap":{},"s":{},"f":{"0":0,"1":0,"2":0,"3":0,"4":0,"5":0},"b":{},"_coverageSchema":"1a1c01bbd47fc00a2c39e90264f33305004495a9","hash":"00225fc14d5abd70cff4d9f6d555120a15ac68fa"}
,"C:\\WebServecis\\DBLayer\\BookSQLiteDAO.js": {"path":"C:\\WebServecis\\DBLayer\\BookSQLiteDAO.js","statementMap":{"0":{"start":{"line":8,"column":4},"end":{"line":8,"column":12}},"1":{"start":{"line":10,"column":4},"end":{"line":10,"column":17}},"2":{"start":{"line":14,"column":22},"end":{"line":14,"column":148}},"3":{"start":{"line":15,"column":22},"end":{"line":15,"column":41}},"4":{"start":{"line":16,"column":8},"end":{"line":16,"column":23}},"5":{"start":{"line":22,"column":19},"end":{"line":22,"column":38}},"6":{"start":{"line":23,"column":8},"end":{"line":25,"column":9}},"7":{"start":{"line":24,"column":12},"end":{"line":24,"column":31}},"8":{"start":{"line":27,"column":9},"end":{"line":27,"column":66}},"9":{"start":{"line":28,"column":8},"end":{"line":28,"column":20}},"10":{"start":{"line":35,"column":24},"end":{"line":35,"column":169}},"11":{"start":{"line":38,"column":8},"end":{"line":38,"column":35}},"12":{"start":{"line":39,"column":8},"end":{"line":39,"column":20}},"13":{"start":{"line":45,"column":21},"end":{"line":45,"column":78}},"14":{"start":{"line":46,"column":8},"end":{"line":48,"column":9}},"15":{"start":{"line":47,"column":12},"end":{"line":47,"column":29}},"16":{"start":{"line":49,"column":25},"end":{"line":49,"column":83}},"17":{"start":{"line":50,"column":8},"end":{"line":50,"column":34}},"18":{"start":{"line":51,"column":8},"end":{"line":51,"column":26}},"19":{"start":{"line":55,"column":8},"end":{"line":55,"column":56}},"20":{"start":{"line":59,"column":8},"end":{"line":59,"column":48}},"21":{"start":{"line":63,"column":17},"end":{"line":63,"column":63}},"22":{"start":{"line":64,"column":8},"end":{"line":64,"column":18}}},"fnMap":{"0":{"name":"(anonymous_0)","decl":{"start":{"line":7,"column":2},"end":{"line":7,"column":3}},"loc":{"start":{"line":7,"column":18},"end":{"line":11,"column":3}},"line":7},"1":{"name":"(anonymous_1)","decl":{"start":{"line":13,"column":4},"end":{"line":13,"column":5}},"loc":{"start":{"line":13,"column":27},"end":{"line":17,"column":5}},"line":13},"2":{"name":"(anonymous_2)","decl":{"start":{"line":19,"column":4},"end":{"line":19,"column":5}},"loc":{"start":{"line":19,"column":21},"end":{"line":29,"column":5}},"line":19},"3":{"name":"(anonymous_3)","decl":{"start":{"line":31,"column":4},"end":{"line":31,"column":5}},"loc":{"start":{"line":31,"column":23},"end":{"line":41,"column":5}},"line":31},"4":{"name":"(anonymous_4)","decl":{"start":{"line":43,"column":4},"end":{"line":43,"column":5}},"loc":{"start":{"line":43,"column":19},"end":{"line":52,"column":5}},"line":43},"5":{"name":"(anonymous_5)","decl":{"start":{"line":54,"column":4},"end":{"line":54,"column":5}},"loc":{"start":{"line":54,"column":20},"end":{"line":56,"column":5}},"line":54},"6":{"name":"(anonymous_6)","decl":{"start":{"line":58,"column":4},"end":{"line":58,"column":5}},"loc":{"start":{"line":58,"column":22},"end":{"line":60,"column":5}},"line":58},"7":{"name":"(anonymous_7)","decl":{"start":{"line":62,"column":4},"end":{"line":62,"column":5}},"loc":{"start":{"line":62,"column":21},"end":{"line":65,"column":5}},"line":62}},"branchMap":{"0":{"loc":{"start":{"line":23,"column":8},"end":{"line":25,"column":9}},"type":"if","locations":[{"start":{"line":23,"column":8},"end":{"line":25,"column":9}},{"start":{},"end":{}}],"line":23},"1":{"loc":{"start":{"line":46,"column":8},"end":{"line":48,"column":9}},"type":"if","locations":[{"start":{"line":46,"column":8},"end":{"line":48,"column":9}},{"start":{},"end":{}}],"line":46}},"s":{"0":8,"1":8,"2":1,"3":1,"4":1,"5":1,"6":1,"7":0,"8":1,"9":1,"10":1,"11":1,"12":1,"13":3,"14":3,"15":0,"16":3,"17":3,"18":3,"19":1,"20":0,"21":3,"22":3},"f":{"0":8,"1":1,"2":1,"3":1,"4":3,"5":1,"6":0,"7":3},"b":{"0":[0,1],"1":[0,3]},"_coverageSchema":"1a1c01bbd47fc00a2c39e90264f33305004495a9","hash":"775bb39ce1d9c7537290e785e566627c28afaabc"}
,"C:\\WebServecis\\Routes\\BooksRoute.js": {"path":"C:\\WebServecis\\Routes\\BooksRoute.js","statementMap":{"0":{"start":{"line":5,"column":12},"end":{"line":5,"column":28}},"1":{"start":{"line":30,"column":13},"end":{"line":30,"column":26}},"2":{"start":{"line":32,"column":4},"end":{"line":35,"column":5}},"3":{"start":{"line":33,"column":8},"end":{"line":33,"column":24}},"4":{"start":{"line":34,"column":8},"end":{"line":34,"column":31}},"5":{"start":{"line":37,"column":4},"end":{"line":40,"column":5}},"6":{"start":{"line":38,"column":8},"end":{"line":38,"column":24}},"7":{"start":{"line":39,"column":8},"end":{"line":39,"column":31}},"8":{"start":{"line":42,"column":15},"end":{"line":42,"column":30}},"9":{"start":{"line":43,"column":18},"end":{"line":43,"column":39}},"10":{"start":{"line":44,"column":17},"end":{"line":44,"column":39}},"11":{"start":{"line":45,"column":4},"end":{"line":45,"column":20}},"12":{"start":{"line":46,"column":4},"end":{"line":46,"column":21}},"13":{"start":{"line":67,"column":4},"end":{"line":71,"column":6}},"14":{"start":{"line":68,"column":22},"end":{"line":68,"column":43}},"15":{"start":{"line":69,"column":21},"end":{"line":69,"column":44}},"16":{"start":{"line":70,"column":8},"end":{"line":70,"column":25}},"17":{"start":{"line":93,"column":19},"end":{"line":93,"column":27}},"18":{"start":{"line":94,"column":4},"end":{"line":94,"column":52}},"19":{"start":{"line":96,"column":4},"end":{"line":99,"column":5}},"20":{"start":{"line":97,"column":8},"end":{"line":97,"column":24}},"21":{"start":{"line":98,"column":8},"end":{"line":98,"column":33}},"22":{"start":{"line":100,"column":15},"end":{"line":100,"column":87}},"23":{"start":{"line":102,"column":15},"end":{"line":102,"column":30}},"24":{"start":{"line":103,"column":18},"end":{"line":103,"column":39}},"25":{"start":{"line":104,"column":17},"end":{"line":104,"column":43}},"26":{"start":{"line":105,"column":4},"end":{"line":105,"column":20}},"27":{"start":{"line":106,"column":4},"end":{"line":106,"column":51}},"28":{"start":{"line":135,"column":13},"end":{"line":135,"column":26}},"29":{"start":{"line":136,"column":4},"end":{"line":139,"column":5}},"30":{"start":{"line":137,"column":8},"end":{"line":137,"column":24}},"31":{"start":{"line":138,"column":8},"end":{"line":138,"column":31}},"32":{"start":{"line":141,"column":4},"end":{"line":144,"column":5}},"33":{"start":{"line":142,"column":8},"end":{"line":142,"column":24}},"34":{"start":{"line":143,"column":8},"end":{"line":143,"column":31}},"35":{"start":{"line":146,"column":14},"end":{"line":146,"column":29}},"36":{"start":{"line":147,"column":18},"end":{"line":147,"column":39}},"37":{"start":{"line":148,"column":17},"end":{"line":148,"column":41}},"38":{"start":{"line":151,"column":4},"end":{"line":157,"column":5}},"39":{"start":{"line":152,"column":8},"end":{"line":152,"column":24}},"40":{"start":{"line":153,"column":8},"end":{"line":153,"column":31}},"41":{"start":{"line":155,"column":8},"end":{"line":155,"column":24}},"42":{"start":{"line":156,"column":8},"end":{"line":156,"column":52}},"43":{"start":{"line":189,"column":13},"end":{"line":189,"column":26}},"44":{"start":{"line":190,"column":19},"end":{"line":190,"column":27}},"45":{"start":{"line":191,"column":4},"end":{"line":191,"column":52}},"46":{"start":{"line":193,"column":4},"end":{"line":196,"column":5}},"47":{"start":{"line":194,"column":8},"end":{"line":194,"column":24}},"48":{"start":{"line":195,"column":8},"end":{"line":195,"column":31}},"49":{"start":{"line":198,"column":4},"end":{"line":201,"column":5}},"50":{"start":{"line":199,"column":8},"end":{"line":199,"column":24}},"51":{"start":{"line":200,"column":8},"end":{"line":200,"column":31}},"52":{"start":{"line":203,"column":4},"end":{"line":207,"column":5}},"53":{"start":{"line":204,"column":8},"end":{"line":204,"column":24}},"54":{"start":{"line":206,"column":8},"end":{"line":206,"column":33}},"55":{"start":{"line":209,"column":15},"end":{"line":209,"column":87}},"56":{"start":{"line":210,"column":14},"end":{"line":210,"column":29}},"57":{"start":{"line":211,"column":18},"end":{"line":211,"column":39}},"58":{"start":{"line":212,"column":17},"end":{"line":212,"column":47}},"59":{"start":{"line":214,"column":4},"end":{"line":214,"column":20}},"60":{"start":{"line":215,"column":4},"end":{"line":215,"column":51}},"61":{"start":{"line":218,"column":15},"end":{"line":218,"column":30}},"62":{"start":{"line":219,"column":18},"end":{"line":219,"column":39}},"63":{"start":{"line":220,"column":17},"end":{"line":220,"column":40}},"64":{"start":{"line":221,"column":4},"end":{"line":221,"column":20}},"65":{"start":{"line":222,"column":4},"end":{"line":222,"column":21}},"66":{"start":{"line":226,"column":15},"end":{"line":226,"column":30}},"67":{"start":{"line":227,"column":18},"end":{"line":227,"column":39}},"68":{"start":{"line":228,"column":17},"end":{"line":228,"column":42}},"69":{"start":{"line":229,"column":4},"end":{"line":229,"column":35}},"70":{"start":{"line":230,"column":4},"end":{"line":230,"column":39}}},"fnMap":{"0":{"name":"getBook","decl":{"start":{"line":29,"column":22},"end":{"line":29,"column":29}},"loc":{"start":{"line":29,"column":49},"end":{"line":48,"column":1}},"line":29},"1":{"name":"getBooks","decl":{"start":{"line":66,"column":16},"end":{"line":66,"column":24}},"loc":{"start":{"line":66,"column":44},"end":{"line":72,"column":1}},"line":66},"2":{"name":"(anonymous_2)","decl":{"start":{"line":67,"column":19},"end":{"line":67,"column":20}},"loc":{"start":{"line":67,"column":33},"end":{"line":71,"column":5}},"line":67},"3":{"name":"createBook","decl":{"start":{"line":92,"column":22},"end":{"line":92,"column":32}},"loc":{"start":{"line":92,"column":52},"end":{"line":107,"column":3}},"line":92},"4":{"name":"deleteBook","decl":{"start":{"line":133,"column":22},"end":{"line":133,"column":32}},"loc":{"start":{"line":133,"column":52},"end":{"line":158,"column":1}},"line":133},"5":{"name":"updateBook","decl":{"start":{"line":188,"column":22},"end":{"line":188,"column":32}},"loc":{"start":{"line":188,"column":52},"end":{"line":216,"column":1}},"line":188},"6":{"name":"getAllBooks","decl":{"start":{"line":217,"column":22},"end":{"line":217,"column":33}},"loc":{"start":{"line":217,"column":52},"end":{"line":224,"column":1}},"line":217},"7":{"name":"getLastId","decl":{"start":{"line":225,"column":22},"end":{"line":225,"column":31}},"loc":{"start":{"line":225,"column":42},"end":{"line":231,"column":1}},"line":225}},"branchMap":{"0":{"loc":{"start":{"line":32,"column":4},"end":{"line":35,"column":5}},"type":"if","locations":[{"start":{"line":32,"column":4},"end":{"line":35,"column":5}},{"start":{},"end":{}}],"line":32},"1":{"loc":{"start":{"line":37,"column":4},"end":{"line":40,"column":5}},"type":"if","locations":[{"start":{"line":37,"column":4},"end":{"line":40,"column":5}},{"start":{},"end":{}}],"line":37},"2":{"loc":{"start":{"line":96,"column":4},"end":{"line":99,"column":5}},"type":"if","locations":[{"start":{"line":96,"column":4},"end":{"line":99,"column":5}},{"start":{},"end":{}}],"line":96},"3":{"loc":{"start":{"line":96,"column":7},"end":{"line":96,"column":127}},"type":"binary-expr","locations":[{"start":{"line":96,"column":7},"end":{"line":96,"column":34}},{"start":{"line":96,"column":38},"end":{"line":96,"column":64}},{"start":{"line":96,"column":68},"end":{"line":96,"column":96}},{"start":{"line":96,"column":100},"end":{"line":96,"column":127}}],"line":96},"4":{"loc":{"start":{"line":136,"column":4},"end":{"line":139,"column":5}},"type":"if","locations":[{"start":{"line":136,"column":4},"end":{"line":139,"column":5}},{"start":{},"end":{}}],"line":136},"5":{"loc":{"start":{"line":141,"column":4},"end":{"line":144,"column":5}},"type":"if","locations":[{"start":{"line":141,"column":4},"end":{"line":144,"column":5}},{"start":{},"end":{}}],"line":141},"6":{"loc":{"start":{"line":151,"column":4},"end":{"line":157,"column":5}},"type":"if","locations":[{"start":{"line":151,"column":4},"end":{"line":157,"column":5}},{"start":{"line":154,"column":9},"end":{"line":157,"column":5}}],"line":151},"7":{"loc":{"start":{"line":193,"column":4},"end":{"line":196,"column":5}},"type":"if","locations":[{"start":{"line":193,"column":4},"end":{"line":196,"column":5}},{"start":{},"end":{}}],"line":193},"8":{"loc":{"start":{"line":198,"column":4},"end":{"line":201,"column":5}},"type":"if","locations":[{"start":{"line":198,"column":4},"end":{"line":201,"column":5}},{"start":{},"end":{}}],"line":198},"9":{"loc":{"start":{"line":203,"column":4},"end":{"line":207,"column":5}},"type":"if","locations":[{"start":{"line":203,"column":4},"end":{"line":207,"column":5}},{"start":{},"end":{}}],"line":203},"10":{"loc":{"start":{"line":203,"column":7},"end":{"line":203,"column":127}},"type":"binary-expr","locations":[{"start":{"line":203,"column":7},"end":{"line":203,"column":34}},{"start":{"line":203,"column":38},"end":{"line":203,"column":64}},{"start":{"line":203,"column":68},"end":{"line":203,"column":96}},{"start":{"line":203,"column":100},"end":{"line":203,"column":127}}],"line":203}},"s":{"0":1,"1":1,"2":1,"3":0,"4":0,"5":1,"6":0,"7":0,"8":1,"9":1,"10":1,"11":1,"12":1,"13":0,"14":0,"15":0,"16":0,"17":1,"18":1,"19":1,"20":0,"21":0,"22":1,"23":1,"24":1,"25":1,"26":1,"27":1,"28":1,"29":1,"30":0,"31":0,"32":1,"33":0,"34":0,"35":1,"36":1,"37":1,"38":1,"39":0,"40":0,"41":1,"42":1,"43":1,"44":1,"45":1,"46":1,"47":0,"48":0,"49":1,"50":0,"51":0,"52":1,"53":0,"54":0,"55":1,"56":1,"57":1,"58":1,"59":1,"60":1,"61":1,"62":1,"63":1,"64":1,"65":1,"66":3,"67":3,"68":3,"69":3,"70":3},"f":{"0":1,"1":0,"2":0,"3":1,"4":1,"5":1,"6":1,"7":3},"b":{"0":[0,1],"1":[0,1],"2":[0,1],"3":[1,1,1,1],"4":[0,1],"5":[0,1],"6":[0,1],"7":[0,1],"8":[0,1],"9":[0,1],"10":[1,1,1,1]},"_coverageSchema":"1a1c01bbd47fc00a2c39e90264f33305004495a9","hash":"5ae0e8e92b8ad61faa6b83947c93e803d5e830d9"}
}
