TN:
SF:Classes\Book.js
FN:2,(anonymous_0)
FN:10,(anonymous_1)
FN:14,(anonymous_2)
FNF:3
FNH:2
FNDA:5,(anonymous_0)
FNDA:0,(anonymous_1)
FNDA:4,(anonymous_2)
DA:3,5
DA:4,5
DA:5,5
DA:6,5
DA:7,5
DA:11,0
DA:15,4
LF:7
LH:6
BRF:0
BRH:0
end_of_record
TN:
SF:DAO Layer\BooksDAO.js
FN:4,(anonymous_0)
FN:5,(anonymous_1)
FN:6,(anonymous_2)
FN:7,(anonymous_3)
FN:8,(anonymous_4)
FN:9,(anonymous_5)
FNF:6
FNH:0
FNDA:0,(anonymous_0)
FNDA:0,(anonymous_1)
FNDA:0,(anonymous_2)
FNDA:0,(anonymous_3)
FNDA:0,(anonymous_4)
FNDA:0,(anonymous_5)
LF:0
LH:0
BRF:0
BRH:0
end_of_record
TN:
SF:DBLayer\BookSQLiteDAO.js
FN:7,(anonymous_0)
FN:13,(anonymous_1)
FN:19,(anonymous_2)
FN:31,(anonymous_3)
FN:43,(anonymous_4)
FN:54,(anonymous_5)
FN:58,(anonymous_6)
FN:62,(anonymous_7)
FNF:8
FNH:7
FNDA:8,(anonymous_0)
FNDA:1,(anonymous_1)
FNDA:1,(anonymous_2)
FNDA:1,(anonymous_3)
FNDA:3,(anonymous_4)
FNDA:1,(anonymous_5)
FNDA:0,(anonymous_6)
FNDA:3,(anonymous_7)
DA:8,8
DA:10,8
DA:14,1
DA:15,1
DA:16,1
DA:22,1
DA:23,1
DA:24,0
DA:27,1
DA:28,1
DA:35,1
DA:38,1
DA:39,1
DA:45,3
DA:46,3
DA:47,0
DA:49,3
DA:50,3
DA:51,3
DA:55,1
DA:59,0
DA:63,3
DA:64,3
LF:23
LH:20
BRDA:23,0,0,0
BRDA:23,0,1,1
BRDA:46,1,0,0
BRDA:46,1,1,3
BRF:4
BRH:2
end_of_record
TN:
SF:Routes\BooksRoute.js
FN:29,getBook
FN:66,getBooks
FN:67,(anonymous_2)
FN:92,createBook
FN:133,deleteBook
FN:188,updateBook
FN:217,getAllBooks
FN:225,getLastId
FNF:8
FNH:6
FNDA:1,getBook
FNDA:0,getBooks
FNDA:0,(anonymous_2)
FNDA:1,createBook
FNDA:1,deleteBook
FNDA:1,updateBook
FNDA:1,getAllBooks
FNDA:3,getLastId
DA:5,1
DA:30,1
DA:32,1
DA:33,0
DA:34,0
DA:37,1
DA:38,0
DA:39,0
DA:42,1
DA:43,1
DA:44,1
DA:45,1
DA:46,1
DA:67,0
DA:68,0
DA:69,0
DA:70,0
DA:93,1
DA:94,1
DA:96,1
DA:97,0
DA:98,0
DA:100,1
DA:102,1
DA:103,1
DA:104,1
DA:105,1
DA:106,1
DA:135,1
DA:136,1
DA:137,0
DA:138,0
DA:141,1
DA:142,0
DA:143,0
DA:146,1
DA:147,1
DA:148,1
DA:151,1
DA:152,0
DA:153,0
DA:155,1
DA:156,1
DA:189,1
DA:190,1
DA:191,1
DA:193,1
DA:194,0
DA:195,0
DA:198,1
DA:199,0
DA:200,0
DA:203,1
DA:204,0
DA:206,0
DA:209,1
DA:210,1
DA:211,1
DA:212,1
DA:214,1
DA:215,1
DA:218,1
DA:219,1
DA:220,1
DA:221,1
DA:222,1
DA:226,3
DA:227,3
DA:228,3
DA:229,3
DA:230,3
LF:71
LH:49
BRDA:32,0,0,0
BRDA:32,0,1,1
BRDA:37,1,0,0
BRDA:37,1,1,1
BRDA:96,2,0,0
BRDA:96,2,1,1
BRDA:96,3,0,1
BRDA:96,3,1,1
BRDA:96,3,2,1
BRDA:96,3,3,1
BRDA:136,4,0,0
BRDA:136,4,1,1
BRDA:141,5,0,0
BRDA:141,5,1,1
BRDA:151,6,0,0
BRDA:151,6,1,1
BRDA:193,7,0,0
BRDA:193,7,1,1
BRDA:198,8,0,0
BRDA:198,8,1,1
BRDA:203,9,0,0
BRDA:203,9,1,1
BRDA:203,10,0,1
BRDA:203,10,1,1
BRDA:203,10,2,1
BRDA:203,10,3,1
BRF:26
BRH:17
end_of_record
