TN:
SF:Classes\Book.js
FN:2,(anonymous_0)
FN:10,(anonymous_1)
FN:14,(anonymous_2)
FNF:3
FNH:2
FNDA:4,(anonymous_0)
FNDA:0,(anonymous_1)
FNDA:3,(anonymous_2)
DA:3,4
DA:4,4
DA:5,4
DA:6,4
DA:7,4
DA:11,0
DA:15,3
LF:7
LH:6
BRF:0
BRH:0
end_of_record
TN:
SF:DAO Layer\BooksDAO.js
FN:4,(anonymous_0)
FN:5,(anonymous_1)
FN:6,(anonymous_2)
FN:7,(anonymous_3)
FN:8,(anonymous_4)
FN:9,(anonymous_5)
FNF:6
FNH:0
FNDA:0,(anonymous_0)
FNDA:0,(anonymous_1)
FNDA:0,(anonymous_2)
FNDA:0,(anonymous_3)
FNDA:0,(anonymous_4)
FNDA:0,(anonymous_5)
LF:0
LH:0
BRF:0
BRH:0
end_of_record
TN:
SF:DBLayer\BookSQLiteDAO.js
FN:7,(anonymous_0)
FN:13,(anonymous_1)
FN:19,(anonymous_2)
FN:31,(anonymous_3)
FN:43,(anonymous_4)
FN:54,(anonymous_5)
FN:58,(anonymous_6)
FN:62,(anonymous_7)
FNF:8
FNH:6
FNDA:5,(anonymous_0)
FNDA:1,(anonymous_1)
FNDA:1,(anonymous_2)
FNDA:1,(anonymous_3)
FNDA:2,(anonymous_4)
FNDA:0,(anonymous_5)
FNDA:0,(anonymous_6)
FNDA:2,(anonymous_7)
DA:8,5
DA:10,5
DA:14,1
DA:15,1
DA:16,1
DA:22,1
DA:23,1
DA:24,0
DA:27,1
DA:28,1
DA:35,1
DA:38,1
DA:39,1
DA:45,2
DA:46,2
DA:47,0
DA:49,2
DA:50,2
DA:51,2
DA:55,0
DA:59,0
DA:63,2
DA:64,2
LF:23
LH:19
BRDA:23,0,0,0
BRDA:23,0,1,1
BRDA:46,1,0,0
BRDA:46,1,1,2
BRF:4
BRH:2
end_of_record
TN:
SF:Routes\BooksRoute.js
FN:29,getBook
FN:40,(anonymous_1)
FN:63,getBooks
FN:64,(anonymous_3)
FN:89,createBook
FN:130,deleteBook
FN:185,updateBook
FN:215,getLastId
FNF:8
FNH:4
FNDA:0,getBook
FNDA:0,(anonymous_1)
FNDA:0,getBooks
FNDA:0,(anonymous_3)
FNDA:1,createBook
FNDA:1,deleteBook
FNDA:1,updateBook
FNDA:2,getLastId
DA:5,1
DA:30,0
DA:32,0
DA:33,0
DA:36,0
DA:37,0
DA:40,0
DA:41,0
DA:42,0
DA:43,0
DA:64,0
DA:65,0
DA:66,0
DA:67,0
DA:90,1
DA:91,1
DA:93,1
DA:94,0
DA:95,0
DA:97,1
DA:99,1
DA:100,1
DA:101,1
DA:102,1
DA:103,1
DA:132,1
DA:133,1
DA:134,0
DA:135,0
DA:138,1
DA:139,0
DA:140,0
DA:143,1
DA:144,1
DA:145,1
DA:148,1
DA:149,0
DA:150,0
DA:152,1
DA:153,1
DA:186,1
DA:187,1
DA:188,1
DA:190,1
DA:191,0
DA:192,0
DA:195,1
DA:196,0
DA:197,0
DA:200,1
DA:201,0
DA:203,0
DA:206,1
DA:207,1
DA:208,1
DA:209,1
DA:211,1
DA:212,1
DA:216,2
DA:217,2
DA:218,2
DA:219,2
DA:220,2
LF:63
LH:36
BRDA:32,0,0,0
BRDA:32,0,1,0
BRDA:36,1,0,0
BRDA:36,1,1,0
BRDA:93,2,0,0
BRDA:93,2,1,1
BRDA:93,3,0,1
BRDA:93,3,1,1
BRDA:93,3,2,1
BRDA:93,3,3,1
BRDA:133,4,0,0
BRDA:133,4,1,1
BRDA:138,5,0,0
BRDA:138,5,1,1
BRDA:148,6,0,0
BRDA:148,6,1,1
BRDA:190,7,0,0
BRDA:190,7,1,1
BRDA:195,8,0,0
BRDA:195,8,1,1
BRDA:200,9,0,0
BRDA:200,9,1,1
BRDA:200,10,0,1
BRDA:200,10,1,1
BRDA:200,10,2,1
BRDA:200,10,3,1
BRF:26
BRH:15
end_of_record
